d:\work\dx3d\dx3d\debug\dx3d.pch
d:\work\dx3d\dx3d\debug\vc140.pdb
d:\work\dx3d\dx3d\debug\vc140.idb
d:\work\dx3d\dx3d\debug\stdafx.obj
d:\work\dx3d\dx3d\debug\dx3d.obj
d:\work\dx3d\dx3d\debug\cdevicemanage.obj
d:\work\dx3d\dx3d\debug\cmaingame.obj
d:\work\dx3d\debug\dx3d.ilk
d:\work\dx3d\debug\dx3d.exe
d:\work\dx3d\debug\dx3d.pdb
d:\work\dx3d\dx3d\debug\dx3d.res
d:\work\dx3d\dx3d\debug\dx3d.tlog\cl.command.1.tlog
d:\work\dx3d\dx3d\debug\dx3d.tlog\cl.read.1.tlog
d:\work\dx3d\dx3d\debug\dx3d.tlog\cl.write.1.tlog
d:\work\dx3d\dx3d\debug\dx3d.tlog\link.command.1.tlog
d:\work\dx3d\dx3d\debug\dx3d.tlog\link.read.1.tlog
d:\work\dx3d\dx3d\debug\dx3d.tlog\link.write.1.tlog
d:\work\dx3d\dx3d\debug\dx3d.tlog\rc.command.1.tlog
d:\work\dx3d\dx3d\debug\dx3d.tlog\rc.read.1.tlog
d:\work\dx3d\dx3d\debug\dx3d.tlog\rc.write.1.tlog
