  stdafx.cpp
  cAseLoader.cpp
  cBody.cpp
  cCamera.cpp
  cCharacter.cpp
  cCubeMan.cpp
  cCubeNode.cpp
d:\바탕화면\work\dx3d_10월20일 피킹_선생님\dx3d\ccubeman.cpp(34): warning C4316: 'cBody': 힙에 할당된 개체가 16에 맞추어져 있지 않을 수도 있습니다 (소스 파일 컴파일 중 cCubeMan.cpp)
d:\바탕화면\work\dx3d_10월20일 피킹_선생님\dx3d\ccubeman.cpp(39): warning C4316: 'cHead': 힙에 할당된 개체가 16에 맞추어져 있지 않을 수도 있습니다 (소스 파일 컴파일 중 cCubeMan.cpp)
d:\바탕화면\work\dx3d_10월20일 피킹_선생님\dx3d\ccubeman.cpp(43): warning C4316: 'cLeftArm': 힙에 할당된 개체가 16에 맞추어져 있지 않을 수도 있습니다 (소스 파일 컴파일 중 cCubeMan.cpp)
d:\바탕화면\work\dx3d_10월20일 피킹_선생님\dx3d\ccubeman.cpp(48): warning C4316: 'cRightArm': 힙에 할당된 개체가 16에 맞추어져 있지 않을 수도 있습니다 (소스 파일 컴파일 중 cCubeMan.cpp)
d:\바탕화면\work\dx3d_10월20일 피킹_선생님\dx3d\ccubeman.cpp(53): warning C4316: 'cLeftLeg': 힙에 할당된 개체가 16에 맞추어져 있지 않을 수도 있습니다 (소스 파일 컴파일 중 cCubeMan.cpp)
d:\바탕화면\work\dx3d_10월20일 피킹_선생님\dx3d\ccubeman.cpp(58): warning C4316: 'cRightLeg': 힙에 할당된 개체가 16에 맞추어져 있지 않을 수도 있습니다 (소스 파일 컴파일 중 cCubeMan.cpp)
  cCubePC.cpp
  cCubePNT.cpp
  cDeviceManage.cpp
d:\바탕화면\work\dx3d_10월20일 피킹_선생님\dx3d\caseloader.cpp(239): warning C4316: 'cFrame': 힙에 할당된 개체가 16에 맞추어져 있지 않을 수도 있습니다 (소스 파일 컴파일 중 cAseLoader.cpp)
  cFrame.cpp
  cGrid.cpp
  cGroup.cpp
  cHead.cpp
  cLeftArm.cpp
d:\바탕화면\work\dx3d_10월20일 피킹_선생님\dx3d\cgrid.cpp(66): warning C4244: '인수': 'int'에서 'FLOAT'(으)로 변환하면서 데이터가 손실될 수 있습니다. (소스 파일 컴파일 중 cGrid.cpp)
d:\바탕화면\work\dx3d_10월20일 피킹_선생님\dx3d\cgrid.cpp(70): warning C4244: '인수': 'int'에서 'FLOAT'(으)로 변환하면서 데이터가 손실될 수 있습니다. (소스 파일 컴파일 중 cGrid.cpp)
d:\바탕화면\work\dx3d_10월20일 피킹_선생님\dx3d\cgrid.cpp(74): warning C4244: '인수': 'int'에서 'FLOAT'(으)로 변환하면서 데이터가 손실될 수 있습니다. (소스 파일 컴파일 중 cGrid.cpp)
d:\바탕화면\work\dx3d_10월20일 피킹_선생님\dx3d\cgrid.cpp(78): warning C4244: '인수': 'int'에서 'FLOAT'(으)로 변환하면서 데이터가 손실될 수 있습니다. (소스 파일 컴파일 중 cGrid.cpp)
d:\바탕화면\work\dx3d_10월20일 피킹_선생님\dx3d\cgrid.cpp(82): warning C4244: '인수': 'int'에서 'FLOAT'(으)로 변환하면서 데이터가 손실될 수 있습니다. (소스 파일 컴파일 중 cGrid.cpp)
d:\바탕화면\work\dx3d_10월20일 피킹_선생님\dx3d\cgrid.cpp(86): warning C4244: '인수': 'int'에서 'FLOAT'(으)로 변환하면서 데이터가 손실될 수 있습니다. (소스 파일 컴파일 중 cGrid.cpp)
d:\바탕화면\work\dx3d_10월20일 피킹_선생님\dx3d\cgrid.cpp(115): warning C4316: 'cPyramid': 힙에 할당된 개체가 16에 맞추어져 있지 않을 수도 있습니다 (소스 파일 컴파일 중 cGrid.cpp)
d:\바탕화면\work\dx3d_10월20일 피킹_선생님\dx3d\cgrid.cpp(120): warning C4316: 'cPyramid': 힙에 할당된 개체가 16에 맞추어져 있지 않을 수도 있습니다 (소스 파일 컴파일 중 cGrid.cpp)
d:\바탕화면\work\dx3d_10월20일 피킹_선생님\dx3d\cgrid.cpp(125): warning C4316: 'cPyramid': 힙에 할당된 개체가 16에 맞추어져 있지 않을 수도 있습니다 (소스 파일 컴파일 중 cGrid.cpp)
  cLeftLeg.cpp
  cLight.cpp
  cMainGame.cpp
  cMtlTex.cpp
  cObject.cpp
  cObjectManager.cpp
  cObjLoad.cpp
  cObjMap.cpp
  cPyramid.cpp
d:\바탕화면\work\dx3d_10월20일 피킹_선생님\dx3d\cmaingame.cpp(61): warning C4316: 'cCubePC': 힙에 할당된 개체가 16에 맞추어져 있지 않을 수도 있습니다 (소스 파일 컴파일 중 cMainGame.cpp)
d:\바탕화면\work\dx3d_10월20일 피킹_선생님\dx3d\cmaingame.cpp(64): warning C4316: 'cCubeMan': 힙에 할당된 개체가 16에 맞추어져 있지 않을 수도 있습니다 (소스 파일 컴파일 중 cMainGame.cpp)
  cRay.cpp
d:\바탕화면\work\dx3d_10월20일 피킹_선생님\dx3d\cmaingame.cpp(195): warning C4018: '<': signed 또는 unsigned가 일치하지 않습니다. (소스 파일 컴파일 중 cMainGame.cpp)
d:\바탕화면\work\dx3d_10월20일 피킹_선생님\dx3d\cmaingame.cpp(206): warning C4018: '<': signed 또는 unsigned가 일치하지 않습니다. (소스 파일 컴파일 중 cMainGame.cpp)
d:\바탕화면\work\dx3d_10월20일 피킹_선생님\dx3d\cmaingame.cpp(334): warning C4244: '인수': 'int'에서 'FLOAT'(으)로 변환하면서 데이터가 손실될 수 있습니다. (소스 파일 컴파일 중 cMainGame.cpp)
d:\바탕화면\work\dx3d_10월20일 피킹_선생님\dx3d\cmaingame.cpp(377): warning C4018: '<': signed 또는 unsigned가 일치하지 않습니다. (소스 파일 컴파일 중 cMainGame.cpp)
  cRightArm.cpp
  cRightLeg.cpp
d:\바탕화면\work\dx3d_10월20일 피킹_선생님\dx3d\cray.cpp(27): warning C4244: '=': 'double'에서 'float'(으)로 변환하면서 데이터가 손실될 수 있습니다. (소스 파일 컴파일 중 cRay.cpp)
d:\바탕화면\work\dx3d_10월20일 피킹_선생님\dx3d\cray.cpp(28): warning C4244: '=': 'double'에서 'float'(으)로 변환하면서 데이터가 손실될 수 있습니다. (소스 파일 컴파일 중 cRay.cpp)
d:\바탕화면\work\dx3d_10월20일 피킹_선생님\dx3d\cray.cpp(59): warning C4800: 'BOOL': 'true' 또는 'false'로 bool 값을 강제하고 있습니다(성능 경고). (소스 파일 컴파일 중 cRay.cpp)
d:\바탕화면\work\dx3d_10월20일 피킹_선생님\dx3d\cray.cpp(68): warning C4800: 'BOOL': 'true' 또는 'false'로 bool 값을 강제하고 있습니다(성능 경고). (소스 파일 컴파일 중 cRay.cpp)
  cTextureManager.cpp
d:\바탕화면\work\dx3d_10월20일 피킹_선생님\dx3d\cobjload.cpp(393): warning C4018: '<': signed 또는 unsigned가 일치하지 않습니다. (소스 파일 컴파일 중 cObjLoad.cpp)
  DX3D.cpp
  iMap.cpp
  DX3D.vcxproj -> D:\바탕화면\work\DX3D_10월20일 피킹_선생님\Debug\DX3D.exe
  DX3D.vcxproj -> D:\바탕화면\work\DX3D_10월20일 피킹_선생님\Debug\DX3D.pdb (Full PDB)
