  stdafx.cpp
  API3D.cpp
  cMainGame.cpp
  cMatrix.cpp
  cVector3.cpp
  matrix.cpp
d:\work\dx\api3d\api3d\cmatrix.cpp(29): warning C4018: '<': signed 또는 unsigned가 일치하지 않습니다.
d:\work\dx\api3d\api3d\cmatrix.cpp(31): warning C4244: '=': 'int'에서 'float'(으)로 변환하면서 데이터가 손실될 수 있습니다.
d:\work\dx\api3d\api3d\cmatrix.cpp(72): warning C4018: '<': signed 또는 unsigned가 일치하지 않습니다.
d:\work\dx\api3d\api3d\cmatrix.cpp(74): warning C4018: '<': signed 또는 unsigned가 일치하지 않습니다.
d:\work\dx\api3d\api3d\cmatrix.cpp(86): warning C4018: '<': signed 또는 unsigned가 일치하지 않습니다.
d:\work\dx\api3d\api3d\cmatrix.cpp(133): warning C4018: '<': signed 또는 unsigned가 일치하지 않습니다.
d:\work\dx\api3d\api3d\cmatrix.cpp(135): warning C4018: '<': signed 또는 unsigned가 일치하지 않습니다.
d:\work\dx\api3d\api3d\cmatrix.cpp(153): warning C4018: '<': signed 또는 unsigned가 일치하지 않습니다.
d:\work\dx\api3d\api3d\cmatrix.cpp(155): warning C4018: '<': signed 또는 unsigned가 일치하지 않습니다.
d:\work\dx\api3d\api3d\cmatrix.cpp(175): warning C4018: '<': signed 또는 unsigned가 일치하지 않습니다.
d:\work\dx\api3d\api3d\cmatrix.cpp(177): warning C4018: '<': signed 또는 unsigned가 일치하지 않습니다.
d:\work\dx\api3d\api3d\cmatrix.cpp(196): warning C4018: '<': signed 또는 unsigned가 일치하지 않습니다.
d:\work\dx\api3d\api3d\cmatrix.cpp(198): warning C4018: '<': signed 또는 unsigned가 일치하지 않습니다.
d:\work\dx\api3d\api3d\cmatrix.cpp(219): warning C4018: '<': signed 또는 unsigned가 일치하지 않습니다.
d:\work\dx\api3d\api3d\cmatrix.cpp(221): warning C4018: '<': signed 또는 unsigned가 일치하지 않습니다.
d:\work\dx\api3d\api3d\cmatrix.cpp(223): warning C4018: '<': signed 또는 unsigned가 일치하지 않습니다.
d:\work\dx\api3d\api3d\cmatrix.cpp(242): warning C4018: '<': signed 또는 unsigned가 일치하지 않습니다.
d:\work\dx\api3d\api3d\cmatrix.cpp(244): warning C4018: '<': signed 또는 unsigned가 일치하지 않습니다.
d:\work\dx\api3d\api3d\cmatrix.cpp(263): warning C4018: '<': signed 또는 unsigned가 일치하지 않습니다.
d:\work\dx\api3d\api3d\cmatrix.cpp(265): warning C4018: '<': signed 또는 unsigned가 일치하지 않습니다.
d:\work\dx\api3d\api3d\cmatrix.cpp(322): warning C4018: '<': signed 또는 unsigned가 일치하지 않습니다.
d:\work\dx\api3d\api3d\cmatrix.cpp(343): warning C4244: 'return': 'double'에서 'float'(으)로 변환하면서 데이터가 손실될 수 있습니다.
d:\work\dx\api3d\api3d\cmatrix.cpp(357): warning C4018: '<': signed 또는 unsigned가 일치하지 않습니다.
d:\work\dx\api3d\api3d\cmatrix.cpp(359): warning C4018: '<': signed 또는 unsigned가 일치하지 않습니다.
d:\work\dx\api3d\api3d\cmatrix.cpp(596): warning C4018: '<': signed 또는 unsigned가 일치하지 않습니다.
d:\work\dx\api3d\api3d\cmatrix.cpp(598): warning C4018: '<': signed 또는 unsigned가 일치하지 않습니다.
d:\work\dx\api3d\api3d\cmatrix.cpp(605): warning C4018: '<': signed 또는 unsigned가 일치하지 않습니다.
d:\work\dx\api3d\api3d\cmatrix.cpp(607): warning C4018: '<': signed 또는 unsigned가 일치하지 않습니다.
d:\work\dx\api3d\api3d\cmatrix.cpp(626): warning C4018: '<': signed 또는 unsigned가 일치하지 않습니다.
d:\work\dx\api3d\api3d\cmatrix.cpp(628): warning C4018: '<': signed 또는 unsigned가 일치하지 않습니다.
d:\work\dx\api3d\api3d\cmatrix.cpp(639): warning C4244: '초기화 중': 'double'에서 'float'(으)로 변환하면서 데이터가 손실될 수 있습니다.
d:\work\dx\api3d\api3d\cmaingame.cpp(151): warning C4305: '인수': 'double'에서 'float'(으)로 잘립니다.
d:\work\dx\api3d\api3d\cmaingame.cpp(152): warning C4244: '인수': 'LONG'에서 'float'(으)로 변환하면서 데이터가 손실될 수 있습니다.
d:\work\dx\api3d\api3d\cmaingame.cpp(198): warning C4244: '인수': 'float'에서 'int'(으)로 변환하면서 데이터가 손실될 수 있습니다.
d:\work\dx\api3d\api3d\cmaingame.cpp(199): warning C4244: '인수': 'float'에서 'int'(으)로 변환하면서 데이터가 손실될 수 있습니다.
d:\work\dx\api3d\api3d\cmaingame.cpp(200): warning C4244: '인수': 'float'에서 'int'(으)로 변환하면서 데이터가 손실될 수 있습니다.
d:\work\dx\api3d\api3d\cmaingame.cpp(201): warning C4244: '인수': 'float'에서 'int'(으)로 변환하면서 데이터가 손실될 수 있습니다.
d:\work\dx\api3d\api3d\cmaingame.cpp(295): warning C4305: '인수': 'double'에서 'float'(으)로 잘립니다.
d:\work\dx\api3d\api3d\cmaingame.cpp(298): warning C4305: '인수': 'double'에서 'float'(으)로 잘립니다.
d:\work\dx\api3d\api3d\cmaingame.cpp(406): warning C4244: '인수': 'float'에서 'int'(으)로 변환하면서 데이터가 손실될 수 있습니다.
d:\work\dx\api3d\api3d\cmaingame.cpp(407): warning C4244: '인수': 'float'에서 'int'(으)로 변환하면서 데이터가 손실될 수 있습니다.
d:\work\dx\api3d\api3d\cmaingame.cpp(412): warning C4244: '인수': 'float'에서 'int'(으)로 변환하면서 데이터가 손실될 수 있습니다.
d:\work\dx\api3d\api3d\cmaingame.cpp(416): warning C4244: '인수': 'float'에서 'int'(으)로 변환하면서 데이터가 손실될 수 있습니다.
d:\work\dx\api3d\api3d\cmaingame.cpp(442): warning C4305: '-=': 'double'에서 'float'(으)로 잘립니다.
d:\work\dx\api3d\api3d\cvector3.cpp(187): warning C4244: '초기화 중': 'double'에서 'float'(으)로 변환하면서 데이터가 손실될 수 있습니다.
d:\work\dx\api3d\api3d\api3d.cpp(290): warning C4244: '인수': 'float'에서 'unsigned int'(으)로 변환하면서 데이터가 손실될 수 있습니다.
d:\work\dx\api3d\api3d\api3d.cpp(290): warning C4244: '인수': 'float'에서 'int'(으)로 변환하면서 데이터가 손실될 수 있습니다.
d:\work\dx\api3d\api3d\api3d.cpp(291): warning C4244: '인수': 'float'에서 'unsigned int'(으)로 변환하면서 데이터가 손실될 수 있습니다.
d:\work\dx\api3d\api3d\api3d.cpp(291): warning C4244: '인수': 'float'에서 'int'(으)로 변환하면서 데이터가 손실될 수 있습니다.
d:\work\dx\api3d\api3d\api3d.cpp(292): warning C4244: '인수': 'float'에서 'unsigned int'(으)로 변환하면서 데이터가 손실될 수 있습니다.
d:\work\dx\api3d\api3d\api3d.cpp(292): warning C4244: '인수': 'float'에서 'int'(으)로 변환하면서 데이터가 손실될 수 있습니다.
d:\work\dx\api3d\api3d\api3d.cpp(293): warning C4244: '인수': 'float'에서 'unsigned int'(으)로 변환하면서 데이터가 손실될 수 있습니다.
d:\work\dx\api3d\api3d\api3d.cpp(293): warning C4244: '인수': 'float'에서 'int'(으)로 변환하면서 데이터가 손실될 수 있습니다.
d:\work\dx\api3d\api3d\api3d.cpp(308): warning C4018: '<': signed 또는 unsigned가 일치하지 않습니다.
d:\work\dx\api3d\api3d\api3d.cpp(313): warning C4018: '<': signed 또는 unsigned가 일치하지 않습니다.
d:\work\dx\api3d\api3d\api3d.cpp(320): warning C4244: '인수': 'float'에서 'int'(으)로 변환하면서 데이터가 손실될 수 있습니다.
d:\work\dx\api3d\api3d\api3d.cpp(321): warning C4244: '인수': 'float'에서 'int'(으)로 변환하면서 데이터가 손실될 수 있습니다.
d:\work\dx\api3d\api3d\api3d.cpp(325): warning C4244: '인수': 'float'에서 'int'(으)로 변환하면서 데이터가 손실될 수 있습니다.
d:\work\dx\api3d\api3d\api3d.cpp(326): warning C4244: '인수': 'float'에서 'int'(으)로 변환하면서 데이터가 손실될 수 있습니다.
c:\program files (x86)\microsoft visual studio 14.0\vc\include\xmemory0(737): warning C4244: '인수': 'int'에서 'float'(으)로 변환하면서 데이터가 손실될 수 있습니다. (소스 파일 컴파일 중 API3D.cpp)
  c:\program files (x86)\microsoft visual studio 14.0\vc\include\xmemory0(857): note: 컴파일 중인 함수 템플릿 인스턴스화 'void std::allocator<_Ty>::construct<_Objty,int&,int&,int&>(_Objty *,int &,int &,int &)'에 대한 참조를 확인하십시오.
          with
          [
              _Ty=cVector3,
              _Objty=cVector3
          ] (소스 파일 컴파일 중 API3D.cpp)
  c:\program files (x86)\microsoft visual studio 14.0\vc\include\xmemory0(857): note: 컴파일 중인 함수 템플릿 인스턴스화 'void std::allocator<_Ty>::construct<_Objty,int&,int&,int&>(_Objty *,int &,int &,int &)'에 대한 참조를 확인하십시오.
          with
          [
              _Ty=cVector3,
              _Objty=cVector3
          ] (소스 파일 컴파일 중 API3D.cpp)
  c:\program files (x86)\microsoft visual studio 14.0\vc\include\xmemory0(996): note: 컴파일 중인 함수 템플릿 인스턴스화 'void std::allocator_traits<_Alloc>::construct<_Ty,int&,int&,int&>(std::allocator<_Ty> &,_Objty *,int &,int &,int &)'에 대한 참조를 확인하십시오.
          with
          [
              _Alloc=std::allocator<cVector3>,
              _Ty=cVector3,
              _Objty=cVector3
          ] (소스 파일 컴파일 중 API3D.cpp)
  c:\program files (x86)\microsoft visual studio 14.0\vc\include\xmemory0(995): note: 컴파일 중인 함수 템플릿 인스턴스화 'void std::allocator_traits<_Alloc>::construct<_Ty,int&,int&,int&>(std::allocator<_Ty> &,_Objty *,int &,int &,int &)'에 대한 참조를 확인하십시오.
          with
          [
              _Alloc=std::allocator<cVector3>,
              _Ty=cVector3,
              _Objty=cVector3
          ] (소스 파일 컴파일 중 API3D.cpp)
  c:\program files (x86)\microsoft visual studio 14.0\vc\include\vector(930): note: 컴파일 중인 함수 템플릿 인스턴스화 'void std::_Wrap_alloc<std::allocator<_Ty>>::construct<_Ty,int&,int&,int&>(_Ty *,int &,int &,int &)'에 대한 참조를 확인하십시오.
          with
          [
              _Ty=cVector3
          ] (소스 파일 컴파일 중 API3D.cpp)
  c:\program files (x86)\microsoft visual studio 14.0\vc\include\vector(929): note: 컴파일 중인 함수 템플릿 인스턴스화 'void std::_Wrap_alloc<std::allocator<_Ty>>::construct<_Ty,int&,int&,int&>(_Ty *,int &,int &,int &)'에 대한 참조를 확인하십시오.
          with
          [
              _Ty=cVector3
          ] (소스 파일 컴파일 중 API3D.cpp)
  d:\work\dx\api3d\api3d\api3d.cpp(263): note: 컴파일 중인 함수 템플릿 인스턴스화 'void std::vector<cVector3,std::allocator<_Ty>>::emplace_back<int&,int&,int&>(int &,int &,int &)'에 대한 참조를 확인하십시오.
          with
          [
              _Ty=cVector3
          ]
  d:\work\dx\api3d\api3d\api3d.cpp(263): note: 컴파일 중인 함수 템플릿 인스턴스화 'void std::vector<cVector3,std::allocator<_Ty>>::emplace_back<int&,int&,int&>(int &,int &,int &)'에 대한 참조를 확인하십시오.
          with
          [
              _Ty=cVector3
          ]
  API3D.vcxproj -> D:\work\DX\API3D\Debug\API3D.exe
  API3D.vcxproj -> D:\work\DX\API3D\Debug\API3D.pdb (Full PDB)
