  stdafx.cpp
  DX3D.cpp
  cAseLoader.cpp
  cBody.cpp
  cCamera.cpp
  cCharacter.cpp
  cCubeMan.cpp
d:\바탕화면\work\dx3d_10월20일 피킹\dx3d\ccubeman.cpp(34): warning C4316: 'cBody': 힙에 할당된 개체가 16에 맞추어져 있지 않을 수도 있습니다 (소스 파일 컴파일 중 cCubeMan.cpp)
d:\바탕화면\work\dx3d_10월20일 피킹\dx3d\ccubeman.cpp(39): warning C4316: 'cHead': 힙에 할당된 개체가 16에 맞추어져 있지 않을 수도 있습니다 (소스 파일 컴파일 중 cCubeMan.cpp)
  cCubeNode.cpp
d:\바탕화면\work\dx3d_10월20일 피킹\dx3d\ccubeman.cpp(43): warning C4316: 'cLeftArm': 힙에 할당된 개체가 16에 맞추어져 있지 않을 수도 있습니다 (소스 파일 컴파일 중 cCubeMan.cpp)
d:\바탕화면\work\dx3d_10월20일 피킹\dx3d\ccubeman.cpp(48): warning C4316: 'cRightArm': 힙에 할당된 개체가 16에 맞추어져 있지 않을 수도 있습니다 (소스 파일 컴파일 중 cCubeMan.cpp)
d:\바탕화면\work\dx3d_10월20일 피킹\dx3d\ccubeman.cpp(53): warning C4316: 'cLeftLeg': 힙에 할당된 개체가 16에 맞추어져 있지 않을 수도 있습니다 (소스 파일 컴파일 중 cCubeMan.cpp)
  cCubePC.cpp
d:\바탕화면\work\dx3d_10월20일 피킹\dx3d\ccubeman.cpp(58): warning C4316: 'cRightLeg': 힙에 할당된 개체가 16에 맞추어져 있지 않을 수도 있습니다 (소스 파일 컴파일 중 cCubeMan.cpp)
  cCubePNT.cpp
  cDeviceManage.cpp
  cFrame.cpp
d:\바탕화면\work\dx3d_10월20일 피킹\dx3d\caseloader.cpp(239): warning C4316: 'cFrame': 힙에 할당된 개체가 16에 맞추어져 있지 않을 수도 있습니다 (소스 파일 컴파일 중 cAseLoader.cpp)
  cGrid.cpp
  cGroup.cpp
  cHead.cpp
d:\바탕화면\work\dx3d_10월20일 피킹\dx3d\cgrid.cpp(26): warning C4305: '초기화 중': 'double'에서 'float'(으)로 잘립니다. (소스 파일 컴파일 중 cGrid.cpp)
d:\바탕화면\work\dx3d_10월20일 피킹\dx3d\cgrid.cpp(112): warning C4316: 'cPyramid': 힙에 할당된 개체가 16에 맞추어져 있지 않을 수도 있습니다 (소스 파일 컴파일 중 cGrid.cpp)
d:\바탕화면\work\dx3d_10월20일 피킹\dx3d\cgrid.cpp(117): warning C4316: 'cPyramid': 힙에 할당된 개체가 16에 맞추어져 있지 않을 수도 있습니다 (소스 파일 컴파일 중 cGrid.cpp)
d:\바탕화면\work\dx3d_10월20일 피킹\dx3d\cgrid.cpp(122): warning C4316: 'cPyramid': 힙에 할당된 개체가 16에 맞추어져 있지 않을 수도 있습니다 (소스 파일 컴파일 중 cGrid.cpp)
  cLeftArm.cpp
  cLeftLeg.cpp
  cLight.cpp
  cMainGame.cpp
  cMtlTex.cpp
  cObjLoad.cpp
  cObjMap.cpp
  cObject.cpp
  cObjectManager.cpp
  cPicking.cpp
  cPyramid.cpp
d:\바탕화면\work\dx3d_10월20일 피킹\dx3d\cmaingame.cpp(63): warning C4316: 'cCubePC': 힙에 할당된 개체가 16에 맞추어져 있지 않을 수도 있습니다 (소스 파일 컴파일 중 cMainGame.cpp)
d:\바탕화면\work\dx3d_10월20일 피킹\dx3d\cmaingame.cpp(66): warning C4316: 'cCubeMan': 힙에 할당된 개체가 16에 맞추어져 있지 않을 수도 있습니다 (소스 파일 컴파일 중 cMainGame.cpp)
  cRightArm.cpp
d:\바탕화면\work\dx3d_10월20일 피킹\dx3d\cobjload.cpp(393): warning C4018: '<': signed 또는 unsigned가 일치하지 않습니다. (소스 파일 컴파일 중 cObjLoad.cpp)
d:\바탕화면\work\dx3d_10월20일 피킹\dx3d\cpicking.cpp(31): warning C4244: '인수': 'int'에서 'float'(으)로 변환하면서 데이터가 손실될 수 있습니다. (소스 파일 컴파일 중 cPicking.cpp)
d:\바탕화면\work\dx3d_10월20일 피킹\dx3d\cpicking.cpp(42): warning C4018: '<': signed 또는 unsigned가 일치하지 않습니다. (소스 파일 컴파일 중 cPicking.cpp)
d:\바탕화면\work\dx3d_10월20일 피킹\dx3d\cpicking.cpp(54): warning C4018: '<': signed 또는 unsigned가 일치하지 않습니다. (소스 파일 컴파일 중 cPicking.cpp)
  cRightLeg.cpp
  cSphere.cpp
  cTextureManager.cpp
  iMap.cpp
  DX3D.vcxproj -> D:\바탕화면\work\DX3D_10월20일 피킹\Debug\DX3D.exe
  DX3D.vcxproj -> D:\바탕화면\work\DX3D_10월20일 피킹\Debug\DX3D.pdb (Full PDB)
