  cMatrix.cpp
d:\work\dx\vector\vector\cmatrix.cpp(29): warning C4018: '<': signed 또는 unsigned가 일치하지 않습니다.
d:\work\dx\vector\vector\cmatrix.cpp(31): warning C4244: '=': 'int'에서 'float'(으)로 변환하면서 데이터가 손실될 수 있습니다.
d:\work\dx\vector\vector\cmatrix.cpp(73): warning C4018: '<': signed 또는 unsigned가 일치하지 않습니다.
d:\work\dx\vector\vector\cmatrix.cpp(75): warning C4018: '<': signed 또는 unsigned가 일치하지 않습니다.
d:\work\dx\vector\vector\cmatrix.cpp(87): warning C4018: '<': signed 또는 unsigned가 일치하지 않습니다.
d:\work\dx\vector\vector\cmatrix.cpp(124): warning C4018: '<': signed 또는 unsigned가 일치하지 않습니다.
d:\work\dx\vector\vector\cmatrix.cpp(126): warning C4018: '<': signed 또는 unsigned가 일치하지 않습니다.
d:\work\dx\vector\vector\cmatrix.cpp(144): warning C4018: '<': signed 또는 unsigned가 일치하지 않습니다.
d:\work\dx\vector\vector\cmatrix.cpp(146): warning C4018: '<': signed 또는 unsigned가 일치하지 않습니다.
d:\work\dx\vector\vector\cmatrix.cpp(167): warning C4018: '<': signed 또는 unsigned가 일치하지 않습니다.
d:\work\dx\vector\vector\cmatrix.cpp(169): warning C4018: '<': signed 또는 unsigned가 일치하지 않습니다.
d:\work\dx\vector\vector\cmatrix.cpp(189): warning C4018: '<': signed 또는 unsigned가 일치하지 않습니다.
d:\work\dx\vector\vector\cmatrix.cpp(191): warning C4018: '<': signed 또는 unsigned가 일치하지 않습니다.
d:\work\dx\vector\vector\cmatrix.cpp(210): warning C4018: '<': signed 또는 unsigned가 일치하지 않습니다.
d:\work\dx\vector\vector\cmatrix.cpp(212): warning C4018: '<': signed 또는 unsigned가 일치하지 않습니다.
d:\work\dx\vector\vector\cmatrix.cpp(220): warning C4018: '<': signed 또는 unsigned가 일치하지 않습니다.
d:\work\dx\vector\vector\cmatrix.cpp(222): warning C4018: '<': signed 또는 unsigned가 일치하지 않습니다.
d:\work\dx\vector\vector\cmatrix.cpp(224): warning C4018: '<': signed 또는 unsigned가 일치하지 않습니다.
d:\work\dx\vector\vector\cmatrix.cpp(243): warning C4018: '<': signed 또는 unsigned가 일치하지 않습니다.
d:\work\dx\vector\vector\cmatrix.cpp(245): warning C4018: '<': signed 또는 unsigned가 일치하지 않습니다.
d:\work\dx\vector\vector\cmatrix.cpp(263): warning C4018: '<': signed 또는 unsigned가 일치하지 않습니다.
d:\work\dx\vector\vector\cmatrix.cpp(265): warning C4018: '<': signed 또는 unsigned가 일치하지 않습니다.
d:\work\dx\vector\vector\cmatrix.cpp(272): warning C4018: '<': signed 또는 unsigned가 일치하지 않습니다.
d:\work\dx\vector\vector\cmatrix.cpp(274): warning C4018: '<': signed 또는 unsigned가 일치하지 않습니다.
d:\work\dx\vector\vector\cmatrix.cpp(331): warning C4018: '<': signed 또는 unsigned가 일치하지 않습니다.
d:\work\dx\vector\vector\cmatrix.cpp(352): warning C4244: 'return': 'double'에서 'float'(으)로 변환하면서 데이터가 손실될 수 있습니다.
d:\work\dx\vector\vector\cmatrix.cpp(365): warning C4018: '<': signed 또는 unsigned가 일치하지 않습니다.
d:\work\dx\vector\vector\cmatrix.cpp(367): warning C4018: '<': signed 또는 unsigned가 일치하지 않습니다.
d:\work\dx\vector\vector\cmatrix.cpp(374): warning C4018: '<': signed 또는 unsigned가 일치하지 않습니다.
d:\work\dx\vector\vector\cmatrix.cpp(376): warning C4018: '<': signed 또는 unsigned가 일치하지 않습니다.
d:\work\dx\vector\vector\cmatrix.cpp(406): warning C4018: '<': signed 또는 unsigned가 일치하지 않습니다.
d:\work\dx\vector\vector\cmatrix.cpp(408): warning C4018: '<': signed 또는 unsigned가 일치하지 않습니다.
d:\work\dx\vector\vector\cmatrix.cpp(415): warning C4018: '<': signed 또는 unsigned가 일치하지 않습니다.
d:\work\dx\vector\vector\cmatrix.cpp(417): warning C4018: '<': signed 또는 unsigned가 일치하지 않습니다.
d:\work\dx\vector\vector\cmatrix.cpp(435): warning C4018: '<': signed 또는 unsigned가 일치하지 않습니다.
d:\work\dx\vector\vector\cmatrix.cpp(437): warning C4018: '<': signed 또는 unsigned가 일치하지 않습니다.
d:\work\dx\vector\vector\cmatrix.cpp(443): warning C4018: '<': signed 또는 unsigned가 일치하지 않습니다.
d:\work\dx\vector\vector\cmatrix.cpp(445): warning C4018: '<': signed 또는 unsigned가 일치하지 않습니다.
  Vector.vcxproj -> D:\work\DX\Vector\Debug\Vector.exe
  Vector.vcxproj -> D:\work\DX\Vector\Debug\Vector.pdb (Full PDB)
