  Win32Space.cpp
Win32Space.cpp(166): warning C4244: '=': conversion from 'WPARAM' to 'TCHAR', possible loss of data
Win32Space.cpp(227): warning C4267: 'argument': conversion from 'size_t' to 'int', possible loss of data
Win32Space.cpp(233): warning C4267: 'argument': conversion from 'size_t' to 'int', possible loss of data
Win32Space.cpp(243): warning C4267: 'argument': conversion from 'size_t' to 'int', possible loss of data
Win32Space.cpp(249): warning C4267: 'argument': conversion from 'size_t' to 'int', possible loss of data
Win32Space.cpp(284): warning C4267: 'argument': conversion from 'size_t' to 'int', possible loss of data
Win32Space.cpp(287): warning C4267: 'argument': conversion from 'size_t' to 'int', possible loss of data
Win32Space.cpp(290): warning C4267: 'argument': conversion from 'size_t' to 'int', possible loss of data
Win32Space.cpp(303): warning C4267: 'argument': conversion from 'size_t' to 'int', possible loss of data
Win32Space.cpp(311): warning C4267: 'argument': conversion from 'size_t' to 'int', possible loss of data
Win32Space.cpp(314): warning C4267: 'argument': conversion from 'size_t' to 'int', possible loss of data
Win32Space.cpp(336): warning C4244: 'argument': conversion from 'double' to 'int', possible loss of data
  Generating code
  8 of 186 functions ( 4.3%) were compiled, the rest were copied from previous compilation.
    0 functions were new in current compilation
    1 functions had inline decision re-evaluated but remain unchanged
  Finished generating code
  Win32Space.vcxproj -> D:\visual_studio_community_2015\work\Win32Space\x64\Release\Win32Space.exe
  Win32Space.vcxproj -> D:\visual_studio_community_2015\work\Win32Space\x64\Release\Win32Space.pdb (Full PDB)
