d:\work\classproject\classproject\debug\classproject.pch
d:\work\classproject\classproject\debug\vc140.pdb
d:\work\classproject\classproject\debug\vc140.idb
d:\work\classproject\classproject\debug\stdafx.obj
d:\work\classproject\classproject\debug\classproject.obj
d:\work\classproject\classproject\debug\usestock0.obj
d:\work\classproject\classproject\debug\stock00.obj
d:\work\classproject\classproject\debug\doit_183p_eightqeen.obj
d:\work\classproject\classproject\debug\classmakerectangle.obj
d:\work\classproject\classproject\debug\rectangle.obj
d:\work\classproject\classproject\debug\mypoint.obj
d:\work\classproject\classproject\debug\mypointmain.obj
d:\work\classproject\classproject\debug\mytime0.obj
d:\work\classproject\classproject\debug\usetime0.obj
d:\work\classproject\classproject\debug\classstopwatch.obj
d:\work\classproject\classproject\debug\stopwatch.obj
d:\work\classproject\classproject\debug\strngbad.obj
d:\work\classproject\classproject\debug\strngbedmain.obj
d:\work\classproject\classproject\debug\string1.obj
d:\work\classproject\classproject\debug\sayings1.obj
d:\work\classproject\classproject\debug\hangmanmain.obj
d:\work\classproject\debug\classproject.ilk
d:\work\classproject\debug\classproject.exe
d:\work\classproject\debug\classproject.pdb
d:\work\classproject\classproject\debug\classproject.tlog\cl.command.1.tlog
d:\work\classproject\classproject\debug\classproject.tlog\cl.read.1.tlog
d:\work\classproject\classproject\debug\classproject.tlog\cl.write.1.tlog
d:\work\classproject\classproject\debug\classproject.tlog\link.command.1.tlog
d:\work\classproject\classproject\debug\classproject.tlog\link.read.1.tlog
d:\work\classproject\classproject\debug\classproject.tlog\link.write.1.tlog
