  stdafx.cpp
  cAseLoader.cpp
  cBody.cpp
  cCamera.cpp
  cCharacter.cpp
  cCubeMan.cpp
  cCubeNode.cpp
d:\work\dx3d_10월15일 애니메이션_선생님\dx3d\ccubeman.cpp(34): warning C4316: 'cBody': 힙에 할당된 개체가 16에 맞추어져 있지 않을 수도 있습니다 (소스 파일 컴파일 중 cCubeMan.cpp)
d:\work\dx3d_10월15일 애니메이션_선생님\dx3d\ccubeman.cpp(39): warning C4316: 'cHead': 힙에 할당된 개체가 16에 맞추어져 있지 않을 수도 있습니다 (소스 파일 컴파일 중 cCubeMan.cpp)
d:\work\dx3d_10월15일 애니메이션_선생님\dx3d\ccubeman.cpp(43): warning C4316: 'cLeftArm': 힙에 할당된 개체가 16에 맞추어져 있지 않을 수도 있습니다 (소스 파일 컴파일 중 cCubeMan.cpp)
d:\work\dx3d_10월15일 애니메이션_선생님\dx3d\ccubeman.cpp(48): warning C4316: 'cRightArm': 힙에 할당된 개체가 16에 맞추어져 있지 않을 수도 있습니다 (소스 파일 컴파일 중 cCubeMan.cpp)
d:\work\dx3d_10월15일 애니메이션_선생님\dx3d\ccubeman.cpp(53): warning C4316: 'cLeftLeg': 힙에 할당된 개체가 16에 맞추어져 있지 않을 수도 있습니다 (소스 파일 컴파일 중 cCubeMan.cpp)
d:\work\dx3d_10월15일 애니메이션_선생님\dx3d\ccubeman.cpp(58): warning C4316: 'cRightLeg': 힙에 할당된 개체가 16에 맞추어져 있지 않을 수도 있습니다 (소스 파일 컴파일 중 cCubeMan.cpp)
  cCubePC.cpp
  cCubePNT.cpp
  cDeviceManage.cpp
d:\work\dx3d_10월15일 애니메이션_선생님\dx3d\caseloader.cpp(239): warning C4316: 'cFrame': 힙에 할당된 개체가 16에 맞추어져 있지 않을 수도 있습니다 (소스 파일 컴파일 중 cAseLoader.cpp)
  cFrame.cpp
  cGrid.cpp
  cGroup.cpp
  cHead.cpp
d:\work\dx3d_10월15일 애니메이션_선생님\dx3d\cgrid.cpp(66): warning C4244: '인수': 'int'에서 'FLOAT'(으)로 변환하면서 데이터가 손실될 수 있습니다. (소스 파일 컴파일 중 cGrid.cpp)
d:\work\dx3d_10월15일 애니메이션_선생님\dx3d\cgrid.cpp(70): warning C4244: '인수': 'int'에서 'FLOAT'(으)로 변환하면서 데이터가 손실될 수 있습니다. (소스 파일 컴파일 중 cGrid.cpp)
d:\work\dx3d_10월15일 애니메이션_선생님\dx3d\cgrid.cpp(74): warning C4244: '인수': 'int'에서 'FLOAT'(으)로 변환하면서 데이터가 손실될 수 있습니다. (소스 파일 컴파일 중 cGrid.cpp)
d:\work\dx3d_10월15일 애니메이션_선생님\dx3d\cgrid.cpp(78): warning C4244: '인수': 'int'에서 'FLOAT'(으)로 변환하면서 데이터가 손실될 수 있습니다. (소스 파일 컴파일 중 cGrid.cpp)
d:\work\dx3d_10월15일 애니메이션_선생님\dx3d\cgrid.cpp(82): warning C4244: '인수': 'int'에서 'FLOAT'(으)로 변환하면서 데이터가 손실될 수 있습니다. (소스 파일 컴파일 중 cGrid.cpp)
d:\work\dx3d_10월15일 애니메이션_선생님\dx3d\cgrid.cpp(86): warning C4244: '인수': 'int'에서 'FLOAT'(으)로 변환하면서 데이터가 손실될 수 있습니다. (소스 파일 컴파일 중 cGrid.cpp)
d:\work\dx3d_10월15일 애니메이션_선생님\dx3d\cgrid.cpp(115): warning C4316: 'cPyramid': 힙에 할당된 개체가 16에 맞추어져 있지 않을 수도 있습니다 (소스 파일 컴파일 중 cGrid.cpp)
d:\work\dx3d_10월15일 애니메이션_선생님\dx3d\cgrid.cpp(120): warning C4316: 'cPyramid': 힙에 할당된 개체가 16에 맞추어져 있지 않을 수도 있습니다 (소스 파일 컴파일 중 cGrid.cpp)
d:\work\dx3d_10월15일 애니메이션_선생님\dx3d\cgrid.cpp(125): warning C4316: 'cPyramid': 힙에 할당된 개체가 16에 맞추어져 있지 않을 수도 있습니다 (소스 파일 컴파일 중 cGrid.cpp)
  cLeftArm.cpp
  cLeftLeg.cpp
  cLight.cpp
  cMainGame.cpp
  cMtlTex.cpp
  cObject.cpp
  cObjectManager.cpp
  cObjLoad.cpp
  cObjMap.cpp
  cPyramid.cpp
d:\work\dx3d_10월15일 애니메이션_선생님\dx3d\cmaingame.cpp(51): warning C4316: 'cCubePC': 힙에 할당된 개체가 16에 맞추어져 있지 않을 수도 있습니다 (소스 파일 컴파일 중 cMainGame.cpp)
d:\work\dx3d_10월15일 애니메이션_선생님\dx3d\cmaingame.cpp(54): warning C4316: 'cCubeMan': 힙에 할당된 개체가 16에 맞추어져 있지 않을 수도 있습니다 (소스 파일 컴파일 중 cMainGame.cpp)
  cRightArm.cpp
  cRightLeg.cpp
  cTextureManager.cpp
  DX3D.cpp
  iMap.cpp
  DX3D.vcxproj -> D:\work\DX3D_10월15일 애니메이션_선생님\Debug\DX3D.exe
  DX3D.vcxproj -> D:\work\DX3D_10월15일 애니메이션_선생님\Debug\DX3D.pdb (Full PDB)
