  stdafx.cpp
  TangTank.cpp
  Win32TangTank.cpp
d:\바탕화면\work_n\win32_c++\win32tangtank\win32tangtank\tangtank.cpp(120): warning C4244: '=': 'int'에서 'float'(으)로 변환하면서 데이터가 손실될 수 있습니다. (소스 파일 컴파일 중 TangTank.cpp)
d:\바탕화면\work_n\win32_c++\win32tangtank\win32tangtank\tangtank.cpp(121): warning C4244: '=': 'int'에서 'float'(으)로 변환하면서 데이터가 손실될 수 있습니다. (소스 파일 컴파일 중 TangTank.cpp)
d:\바탕화면\work_n\win32_c++\win32tangtank\win32tangtank\tangtank.cpp(156): warning C4244: '인수': 'float'에서 'int'(으)로 변환하면서 데이터가 손실될 수 있습니다. (소스 파일 컴파일 중 TangTank.cpp)
d:\바탕화면\work_n\win32_c++\win32tangtank\win32tangtank\tangtank.cpp(192): warning C4244: '-=': 'double'에서 'float'(으)로 변환하면서 데이터가 손실될 수 있습니다. (소스 파일 컴파일 중 TangTank.cpp)
d:\바탕화면\work_n\win32_c++\win32tangtank\win32tangtank\tangtank.cpp(193): warning C4244: '+=': 'double'에서 'float'(으)로 변환하면서 데이터가 손실될 수 있습니다. (소스 파일 컴파일 중 TangTank.cpp)
d:\바탕화면\work_n\win32_c++\win32tangtank\win32tangtank\tangtank.cpp(206): warning C4244: '+=': 'double'에서 'float'(으)로 변환하면서 데이터가 손실될 수 있습니다. (소스 파일 컴파일 중 TangTank.cpp)
d:\바탕화면\work_n\win32_c++\win32tangtank\win32tangtank\tangtank.cpp(207): warning C4244: '-=': 'double'에서 'float'(으)로 변환하면서 데이터가 손실될 수 있습니다. (소스 파일 컴파일 중 TangTank.cpp)
d:\바탕화면\work_n\win32_c++\win32tangtank\win32tangtank\tangtank.cpp(544): warning C4244: '인수': 'float'에서 'int'(으)로 변환하면서 데이터가 손실될 수 있습니다. (소스 파일 컴파일 중 TangTank.cpp)
d:\바탕화면\work_n\win32_c++\win32tangtank\win32tangtank\tangtank.cpp(560): warning C4244: '=': 'int'에서 'float'(으)로 변환하면서 데이터가 손실될 수 있습니다. (소스 파일 컴파일 중 TangTank.cpp)
d:\바탕화면\work_n\win32_c++\win32tangtank\win32tangtank\tangtank.cpp(561): warning C4244: '=': 'int'에서 'float'(으)로 변환하면서 데이터가 손실될 수 있습니다. (소스 파일 컴파일 중 TangTank.cpp)
d:\바탕화면\work_n\win32_c++\win32tangtank\win32tangtank\tangtank.cpp(597): warning C4244: '인수': 'float'에서 'int'(으)로 변환하면서 데이터가 손실될 수 있습니다. (소스 파일 컴파일 중 TangTank.cpp)
d:\바탕화면\work_n\win32_c++\win32tangtank\win32tangtank\tangtank.cpp(755): warning C4244: 'return': 'float'에서 'int'(으)로 변환하면서 데이터가 손실될 수 있습니다. (소스 파일 컴파일 중 TangTank.cpp)
d:\바탕화면\work_n\win32_c++\win32tangtank\win32tangtank\tangtank.cpp(785): warning C4244: 'return': 'double'에서 'float'(으)로 변환하면서 데이터가 손실될 수 있습니다. (소스 파일 컴파일 중 TangTank.cpp)
d:\바탕화면\work_n\win32_c++\win32tangtank\win32tangtank\tangtank.cpp(810): warning C4244: '인수': 'int'에서 'float'(으)로 변환하면서 데이터가 손실될 수 있습니다. (소스 파일 컴파일 중 TangTank.cpp)
d:\바탕화면\work_n\win32_c++\win32tangtank\win32tangtank\tangtank.cpp(811): warning C4244: '인수': 'int'에서 'float'(으)로 변환하면서 데이터가 손실될 수 있습니다. (소스 파일 컴파일 중 TangTank.cpp)
d:\바탕화면\work_n\win32_c++\win32tangtank\win32tangtank\tangtank.cpp(836): warning C4244: '인수': 'float'에서 'int'(으)로 변환하면서 데이터가 손실될 수 있습니다. (소스 파일 컴파일 중 TangTank.cpp)
d:\바탕화면\work_n\win32_c++\win32tangtank\win32tangtank\tangtank.cpp(848): warning C4244: '인수': 'float'에서 'int'(으)로 변환하면서 데이터가 손실될 수 있습니다. (소스 파일 컴파일 중 TangTank.cpp)
d:\바탕화면\work_n\win32_c++\win32tangtank\win32tangtank\tangtank.cpp(879): warning C4244: '인수': 'int'에서 'float'(으)로 변환하면서 데이터가 손실될 수 있습니다. (소스 파일 컴파일 중 TangTank.cpp)
d:\바탕화면\work_n\win32_c++\win32tangtank\win32tangtank\tangtank.cpp(880): warning C4244: '인수': 'int'에서 'float'(으)로 변환하면서 데이터가 손실될 수 있습니다. (소스 파일 컴파일 중 TangTank.cpp)
d:\바탕화면\work_n\win32_c++\win32tangtank\win32tangtank\tangtank.cpp(904): warning C4244: '인수': 'int'에서 'float'(으)로 변환하면서 데이터가 손실될 수 있습니다. (소스 파일 컴파일 중 TangTank.cpp)
d:\바탕화면\work_n\win32_c++\win32tangtank\win32tangtank\tangtank.cpp(905): warning C4244: '인수': 'int'에서 'float'(으)로 변환하면서 데이터가 손실될 수 있습니다. (소스 파일 컴파일 중 TangTank.cpp)
d:\바탕화면\work_n\win32_c++\win32tangtank\win32tangtank\tangtank.cpp(919): warning C4244: '=': 'int'에서 'float'(으)로 변환하면서 데이터가 손실될 수 있습니다. (소스 파일 컴파일 중 TangTank.cpp)
d:\바탕화면\work_n\win32_c++\win32tangtank\win32tangtank\tangtank.cpp(920): warning C4244: '=': 'int'에서 'float'(으)로 변환하면서 데이터가 손실될 수 있습니다. (소스 파일 컴파일 중 TangTank.cpp)
d:\바탕화면\work_n\win32_c++\win32tangtank\win32tangtank\tangtank.cpp(931): warning C4244: '=': 'int'에서 'float'(으)로 변환하면서 데이터가 손실될 수 있습니다. (소스 파일 컴파일 중 TangTank.cpp)
d:\바탕화면\work_n\win32_c++\win32tangtank\win32tangtank\tangtank.cpp(932): warning C4244: '=': 'int'에서 'float'(으)로 변환하면서 데이터가 손실될 수 있습니다. (소스 파일 컴파일 중 TangTank.cpp)
d:\바탕화면\work_n\win32_c++\win32tangtank\win32tangtank\tangtank.cpp(970): warning C4244: '인수': 'int'에서 'float'(으)로 변환하면서 데이터가 손실될 수 있습니다. (소스 파일 컴파일 중 TangTank.cpp)
d:\바탕화면\work_n\win32_c++\win32tangtank\win32tangtank\tangtank.cpp(971): warning C4244: '인수': 'int'에서 'float'(으)로 변환하면서 데이터가 손실될 수 있습니다. (소스 파일 컴파일 중 TangTank.cpp)
d:\바탕화면\work_n\win32_c++\win32tangtank\win32tangtank\tangtank.cpp(1011): warning C4244: '=': 'float'에서 'LONG'(으)로 변환하면서 데이터가 손실될 수 있습니다. (소스 파일 컴파일 중 TangTank.cpp)
d:\바탕화면\work_n\win32_c++\win32tangtank\win32tangtank\tangtank.cpp(1012): warning C4244: '=': 'float'에서 'LONG'(으)로 변환하면서 데이터가 손실될 수 있습니다. (소스 파일 컴파일 중 TangTank.cpp)
d:\바탕화면\work_n\win32_c++\win32tangtank\win32tangtank\tangtank.cpp(1014): warning C4244: '=': 'float'에서 'LONG'(으)로 변환하면서 데이터가 손실될 수 있습니다. (소스 파일 컴파일 중 TangTank.cpp)
d:\바탕화면\work_n\win32_c++\win32tangtank\win32tangtank\tangtank.cpp(1015): warning C4244: '=': 'float'에서 'LONG'(으)로 변환하면서 데이터가 손실될 수 있습니다. (소스 파일 컴파일 중 TangTank.cpp)
d:\바탕화면\work_n\win32_c++\win32tangtank\win32tangtank\tangtank.cpp(1017): warning C4244: '=': 'float'에서 'LONG'(으)로 변환하면서 데이터가 손실될 수 있습니다. (소스 파일 컴파일 중 TangTank.cpp)
d:\바탕화면\work_n\win32_c++\win32tangtank\win32tangtank\tangtank.cpp(1018): warning C4244: '=': 'float'에서 'LONG'(으)로 변환하면서 데이터가 손실될 수 있습니다. (소스 파일 컴파일 중 TangTank.cpp)
d:\바탕화면\work_n\win32_c++\win32tangtank\win32tangtank\tangtank.cpp(1020): warning C4244: '=': 'float'에서 'LONG'(으)로 변환하면서 데이터가 손실될 수 있습니다. (소스 파일 컴파일 중 TangTank.cpp)
d:\바탕화면\work_n\win32_c++\win32tangtank\win32tangtank\tangtank.cpp(1021): warning C4244: '=': 'float'에서 'LONG'(으)로 변환하면서 데이터가 손실될 수 있습니다. (소스 파일 컴파일 중 TangTank.cpp)
d:\바탕화면\work_n\win32_c++\win32tangtank\win32tangtank\win32tangtank.cpp(261): warning C4018: '<': signed 또는 unsigned가 일치하지 않습니다. (소스 파일 컴파일 중 Win32TangTank.cpp)
d:\바탕화면\work_n\win32_c++\win32tangtank\win32tangtank\win32tangtank.cpp(276): warning C4018: '<': signed 또는 unsigned가 일치하지 않습니다. (소스 파일 컴파일 중 Win32TangTank.cpp)
d:\바탕화면\work_n\win32_c++\win32tangtank\win32tangtank\win32tangtank.cpp(286): warning C4018: '<': signed 또는 unsigned가 일치하지 않습니다. (소스 파일 컴파일 중 Win32TangTank.cpp)
d:\바탕화면\work_n\win32_c++\win32tangtank\win32tangtank\win32tangtank.cpp(303): warning C4018: '<': signed 또는 unsigned가 일치하지 않습니다. (소스 파일 컴파일 중 Win32TangTank.cpp)
d:\바탕화면\work_n\win32_c++\win32tangtank\win32tangtank\win32tangtank.cpp(205): warning C4996: 'freopen': This function or variable may be unsafe. Consider using freopen_s instead. To disable deprecation, use _CRT_SECURE_NO_WARNINGS. See online help for details. (소스 파일 컴파일 중 Win32TangTank.cpp)
  c:\program files (x86)\windows kits\10\include\10.0.10240.0\ucrt\stdio.h(240): note: 'freopen' 선언을 참조하십시오. (소스 파일 컴파일 중 Win32TangTank.cpp)
d:\바탕화면\work_n\win32_c++\win32tangtank\win32tangtank\win32tangtank.cpp(721): warning C4101: 'bitmap2' :참조되지 않은 지역 변수입니다. (소스 파일 컴파일 중 Win32TangTank.cpp)
d:\바탕화면\work_n\win32_c++\win32tangtank\win32tangtank\win32tangtank.cpp(720): warning C4101: 'memDC2' :참조되지 않은 지역 변수입니다. (소스 파일 컴파일 중 Win32TangTank.cpp)
d:\바탕화면\work_n\win32_c++\win32tangtank\win32tangtank\win32tangtank.cpp(946): warning C4244: '초기화 중': 'float'에서 'int'(으)로 변환하면서 데이터가 손실될 수 있습니다. (소스 파일 컴파일 중 Win32TangTank.cpp)
d:\바탕화면\work_n\win32_c++\win32tangtank\win32tangtank\win32tangtank.cpp(947): warning C4244: '초기화 중': 'float'에서 'int'(으)로 변환하면서 데이터가 손실될 수 있습니다. (소스 파일 컴파일 중 Win32TangTank.cpp)
d:\바탕화면\work_n\win32_c++\win32tangtank\win32tangtank\win32tangtank.cpp(949): warning C4244: '인수': 'int'에서 'float'(으)로 변환하면서 데이터가 손실될 수 있습니다. (소스 파일 컴파일 중 Win32TangTank.cpp)
d:\바탕화면\work_n\win32_c++\win32tangtank\win32tangtank\win32tangtank.cpp(974): warning C4244: '인수': 'double'에서 'int'(으)로 변환하면서 데이터가 손실될 수 있습니다. (소스 파일 컴파일 중 Win32TangTank.cpp)
  Win32TangTank.vcxproj -> D:\바탕화면\work_n\win32_C++\Win32TangTank\Debug\Win32TangTank.exe
  Win32TangTank.vcxproj -> D:\바탕화면\work_n\win32_C++\Win32TangTank\Debug\Win32TangTank.pdb (Full PDB)
