빌드 시작: 2016-10-22 오후 9:41:25
     1>2 노드의 "E:\My C language Project\2013\게임\Nintendo_최종본\Nintendo최종\Nintendo최종\Nintendo최종.vcxproj" 프로젝트(Rebuild 대상)입니다.
     1>ClCompile:
         C:\Program Files (x86)\Microsoft Visual Studio 12.0\VC\bin\CL.exe /c /Zi /nologo /W3 /WX- /O2 /Oi /Oy- /GL /D WIN32 /D NDEBUG /D _CONSOLE /D _LIB /D _UNICODE /D UNICODE /Gm- /EHsc /MT /GS /Gy /fp:precise /Zc:wchar_t /Zc:forScope /Fo"Release\\" /Fd"Release\vc120.pdb" /Gd /TP /analyze- /errorReport:prompt Nintendo.cpp
         Nintendo.cpp
     1>Nintendo.cpp(235): warning C4554: '&' : 연산자 우선 순위에 오류가 있는지 확인하십시오. 괄호를 사용하여 우선 순위를 명확하게 지정하십시오.
     1>Nintendo.cpp(487): warning C4554: '&' : 연산자 우선 순위에 오류가 있는지 확인하십시오. 괄호를 사용하여 우선 순위를 명확하게 지정하십시오.
     1>Nintendo.cpp(596): warning C4996: 'localtime': This function or variable may be unsafe. Consider using localtime_s instead. To disable deprecation, use _CRT_SECURE_NO_WARNINGS. See online help for details.
                 C:\Program Files (x86)\Microsoft Visual Studio 12.0\VC\include\time.inl(112) : 'localtime' 선언을 참조하십시오.
     1>Nintendo.cpp(734): warning C4554: '&' : 연산자 우선 순위에 오류가 있는지 확인하십시오. 괄호를 사용하여 우선 순위를 명확하게 지정하십시오.
     1>Nintendo.cpp(850): warning C4554: '&' : 연산자 우선 순위에 오류가 있는지 확인하십시오. 괄호를 사용하여 우선 순위를 명확하게 지정하십시오.
     1>Nintendo.cpp(1026): warning C4996: 'fopen': This function or variable may be unsafe. Consider using fopen_s instead. To disable deprecation, use _CRT_SECURE_NO_WARNINGS. See online help for details.
                 C:\Program Files (x86)\Microsoft Visual Studio 12.0\VC\include\stdio.h(211) : 'fopen' 선언을 참조하십시오.
     1>Nintendo.cpp(1032): warning C4996: 'fscanf': This function or variable may be unsafe. Consider using fscanf_s instead. To disable deprecation, use _CRT_SECURE_NO_WARNINGS. See online help for details.
                 C:\Program Files (x86)\Microsoft Visual Studio 12.0\VC\include\stdio.h(230) : 'fscanf' 선언을 참조하십시오.
     1>Nintendo.cpp(1269): warning C4554: '&' : 연산자 우선 순위에 오류가 있는지 확인하십시오. 괄호를 사용하여 우선 순위를 명확하게 지정하십시오.
     1>Nintendo.cpp(1379): warning C4244: '=' : 'time_t'에서 'int'(으)로 변환하면서 데이터가 손실될 수 있습니다.
     1>Nintendo.cpp(1423): warning C4996: 'fopen': This function or variable may be unsafe. Consider using fopen_s instead. To disable deprecation, use _CRT_SECURE_NO_WARNINGS. See online help for details.
                 C:\Program Files (x86)\Microsoft Visual Studio 12.0\VC\include\stdio.h(211) : 'fopen' 선언을 참조하십시오.
     1>Nintendo.cpp(1429): warning C4996: 'fscanf': This function or variable may be unsafe. Consider using fscanf_s instead. To disable deprecation, use _CRT_SECURE_NO_WARNINGS. See online help for details.
                 C:\Program Files (x86)\Microsoft Visual Studio 12.0\VC\include\stdio.h(230) : 'fscanf' 선언을 참조하십시오.
     1>Nintendo.cpp(1692): warning C4554: '&' : 연산자 우선 순위에 오류가 있는지 확인하십시오. 괄호를 사용하여 우선 순위를 명확하게 지정하십시오.
     1>Nintendo.cpp(1810): warning C4244: '=' : 'time_t'에서 'int'(으)로 변환하면서 데이터가 손실될 수 있습니다.
     1>Nintendo.cpp(1874): warning C4996: 'fopen': This function or variable may be unsafe. Consider using fopen_s instead. To disable deprecation, use _CRT_SECURE_NO_WARNINGS. See online help for details.
                 C:\Program Files (x86)\Microsoft Visual Studio 12.0\VC\include\stdio.h(211) : 'fopen' 선언을 참조하십시오.
     1>Nintendo.cpp(1880): warning C4996: 'fscanf': This function or variable may be unsafe. Consider using fscanf_s instead. To disable deprecation, use _CRT_SECURE_NO_WARNINGS. See online help for details.
                 C:\Program Files (x86)\Microsoft Visual Studio 12.0\VC\include\stdio.h(230) : 'fscanf' 선언을 참조하십시오.
     1>Nintendo.cpp(2427): warning C4244: '=' : 'time_t'에서 'float'(으)로 변환하면서 데이터가 손실될 수 있습니다.
     1>Nintendo.cpp(2730): warning C4554: '&' : 연산자 우선 순위에 오류가 있는지 확인하십시오. 괄호를 사용하여 우선 순위를 명확하게 지정하십시오.
     1>Nintendo.cpp(2781): warning C4554: '&' : 연산자 우선 순위에 오류가 있는지 확인하십시오. 괄호를 사용하여 우선 순위를 명확하게 지정하십시오.
     1>Nintendo.cpp(2907): warning C4554: '&' : 연산자 우선 순위에 오류가 있는지 확인하십시오. 괄호를 사용하여 우선 순위를 명확하게 지정하십시오.
       Link:
         C:\Program Files (x86)\Microsoft Visual Studio 12.0\VC\bin\link.exe /ERRORREPORT:PROMPT /OUT:"E:\My C language Project\2013\게임\Nintendo_최종본\Nintendo최종\Release\Nintendo최종.exe" /INCREMENTAL:NO /NOLOGO kernel32.lib user32.lib gdi32.lib winspool.lib comdlg32.lib advapi32.lib shell32.lib ole32.lib oleaut32.lib uuid.lib odbc32.lib odbccp32.lib /MANIFEST /MANIFESTUAC:"level='asInvoker' uiAccess='false'" /manifest:embed /DEBUG /PDB:"E:\My C language Project\2013\게임\Nintendo_최종본\Nintendo최종\Release\Nintendo최종.pdb" /SUBSYSTEM:CONSOLE /OPT:REF /OPT:ICF /LTCG /TLBID:1 /DYNAMICBASE /NXCOMPAT /IMPLIB:"E:\My C language Project\2013\게임\Nintendo_최종본\Nintendo최종\Release\Nintendo최종.lib" /MACHINE:X86 /SAFESEH Release\Nintendo.obj
         코드를 생성하고 있습니다.
         코드를 생성했습니다.
         Nintendo최종.vcxproj -> E:\My C language Project\2013\게임\Nintendo_최종본\Nintendo최종\Release\Nintendo최종.exe
     1>"E:\My C language Project\2013\게임\Nintendo_최종본\Nintendo최종\Nintendo최종\Nintendo최종.vcxproj" 프로젝트를 빌드했습니다(Rebuild 대상).

빌드했습니다.

경과 시간: 00:00:00.92
